<?xml version="1.0" encoding="UTF-8"?>
<testng-results skipped="0" failed="0" ignored="0" total="1" passed="1">
  <reporter-output>
  </reporter-output>
  <suite name="Default suite" duration-ms="89334" started-at="2020-07-11T09:07:53Z" finished-at="2020-07-11T09:09:22Z">
    <groups>
    </groups>
    <test name="Default test" duration-ms="89334" started-at="2020-07-11T09:07:53Z" finished-at="2020-07-11T09:09:22Z">
      <class name="testscripts.RegressionTest">
        <test-method status="PASS" signature="beforeMethod()[pri:0, instance:testscripts.RegressionTest@240237d2]" name="beforeMethod" is-config="true" duration-ms="52434" started-at="2020-07-11T09:07:53Z" finished-at="2020-07-11T09:08:45Z">
          <reporter-output>
          </reporter-output>
        </test-method> <!-- beforeMethod -->
        <test-method status="PASS" signature="verifyUserCanLogOut()[pri:0, instance:testscripts.RegressionTest@240237d2]" name="verifyUserCanLogOut" duration-ms="12048" started-at="2020-07-11T09:08:45Z" finished-at="2020-07-11T09:08:57Z">
          <reporter-output>
          </reporter-output>
        </test-method> <!-- verifyUserCanLogOut -->
        <test-method status="PASS" signature="afterMethod(org.testng.ITestResult)[pri:0, instance:testscripts.RegressionTest@240237d2]" name="afterMethod" is-config="true" duration-ms="24750" started-at="2020-07-11T09:08:57Z" finished-at="2020-07-11T09:09:22Z">
          <params>
            <param index="0">
              <value>
                <![CDATA[[TestResult name=verifyUserCanLogOut status=SUCCESS method=RegressionTest.verifyUserCanLogOut()[pri:0, instance:testscripts.RegressionTest@240237d2] output={null}]]]>
              </value>
            </param>
          </params>
          <reporter-output>
          </reporter-output>
        </test-method> <!-- afterMethod -->
      </class> <!-- testscripts.RegressionTest -->
    </test> <!-- Default test -->
  </suite> <!-- Default suite -->
</testng-results>
